[    0.000000] Initializing cgroup subsys cpuset
[    0.000000] Initializing cgroup subsys cpu
[    0.000000] Initializing cgroup subsys cpuacct
[    0.000000] Linux version 4.4.0-116-generic (buildd@lgw01-amd64-021) (gcc version 5.4.0 20160609 (Ubuntu 5.4.0-6ubuntu1~16.04.9) ) #140-Ubuntu SMP Mon Feb 12 21:23:04 UTC 01 (Ubuntu 4.4.0-116.140-generic 4.4.98)
[    0.000000] Command line: BOOT_IMAGE=/boot/vmlinuz-4.4.0-116-generic root=UUID=4495ca59-6f63-4cd0-b56d-2100a2095754 ro console=tty1 console=ttyS0
[    0.000000] KERNEL supported cpus:
[    0.000000]   Intel GenuineIntel
[    0.000000]   AMD AuthenticAMD
[    0.000000]   Centaur CentaurHauls
[    0.000000] x86/fpu: xstate_offset[2]:  576, xstate_sizes[2]:  256
[    0.000000] x86/fpu: Supporting XSAVE feature 0x01: 'x87 floating point registers'
[    0.000000] x86/fpu: Supporting XSAVE feature 0x02: 'SSE registers'
[    0.000000] x86/fpu: Supporting XSAVE feature 0x04: 'AVX registers'
[    0.000000] x86/fpu: Enabled xstate features 0x7, context size is 832 bytes, using 'standard' format.
[    0.000000] x86/fpu: Using 'lazy' FPU context switches.
[    0.000000] e820: BIOS-provided physical RAM map:
[    0.000000] BIOS-e820: [mem 0x0000000000000000-0x000000000009fbff] usable
[    0.000000] BIOS-e820: [mem 0x000000000009fc00-0x000000000009ffff] reserved
[    0.000000] BIOS-e820: [mem 0x00000000000f0000-0x00000000000fffff] reserved
[    0.000000] BIOS-e820: [mem 0x0000000000100000-0x000000003ffeffff] usable
[    0.000000] BIOS-e820: [mem 0x000000003fff0000-0x000000003fffffff] ACPI data
[    0.000000] BIOS-e820: [mem 0x00000000fec00000-0x00000000fec00fff] reserved
[    0.000000] BIOS-e820: [mem 0x00000000fee00000-0x00000000fee00fff] reserved
[    0.000000] BIOS-e820: [mem 0x00000000fffc0000-0x00000000ffffffff] reserved
[    0.000000] NX (Execute Disable) protection: active
[    0.000000] SMBIOS 2.5 present.
[    0.000000] Hypervisor detected: KVM
[    0.000000] e820: last_pfn = 0x3fff0 max_arch_pfn = 0x400000000
[    0.000000] MTRR: Disabled
[    0.000000] x86/PAT: MTRRs disabled, skipping PAT initialization too.
[    0.000000] CPU MTRRs all blank - virtualized system.
[    0.000000] x86/PAT: Configuration [0-7]: WB  WT  UC- UC  WB  WT  UC- UC  
[    0.000000] found SMP MP-table at [mem 0x0009fff0-0x0009ffff] mapped at [ffff88000009fff0]
[    0.000000] Scanning 1 areas for low memory corruption
[    0.000000] RAMDISK: [mem 0x36218000-0x37103fff]
[    0.000000] ACPI: Early table checksum verification disabled
[    0.000000] ACPI: RSDP 0x00000000000E0000 000024 (v02 VBOX  )
[    0.000000] ACPI: XSDT 0x000000003FFF0030 00003C (v01 VBOX   VBOXXSDT 00000001 ASL  00000061)
[    0.000000] ACPI: FACP 0x000000003FFF00F0 0000F4 (v04 VBOX   VBOXFACP 00000001 ASL  00000061)
[    0.000000] ACPI: DSDT 0x000000003FFF0470 0021FF (v02 VBOX   VBOXBIOS 00000002 INTL 20160108)
[    0.000000] ACPI: FACS 0x000000003FFF0200 000040
[    0.000000] ACPI: FACS 0x000000003FFF0200 000040
[    0.000000] ACPI: APIC 0x000000003FFF0240 00005C (v02 VBOX   VBOXAPIC 00000001 ASL  00000061)
[    0.000000] ACPI: SSDT 0x000000003FFF02A0 0001CC (v01 VBOX   VBOXCPUT 00000002 INTL 20160108)
[    0.000000] No NUMA configuration found
[    0.000000] Faking a node at [mem 0x0000000000000000-0x000000003ffeffff]
[    0.000000] NODE_DATA(0) allocated [mem 0x3ffeb000-0x3ffeffff]
[    0.000000] kvm-clock: Using msrs 4b564d01 and 4b564d00
[    0.000000] kvm-clock: cpu 0, msr 0:3ffe3001, primary cpu clock
[    0.000000] kvm-clock: using sched offset of 3791642446 cycles
[    0.000000] clocksource: kvm-clock: mask: 0xffffffffffffffff max_cycles: 0x1cd42e4dffb, max_idle_ns: 881590591483 ns
[    0.000000] Zone ranges:
[    0.000000]   DMA      [mem 0x0000000000001000-0x0000000000ffffff]
[    0.000000]   DMA32    [mem 0x0000000001000000-0x000000003ffeffff]
[    0.000000]   Normal   empty
[    0.000000]   Device   empty
[    0.000000] Movable zone start for each node
[    0.000000] Early memory node ranges
[    0.000000]   node   0: [mem 0x0000000000001000-0x000000000009efff]
[   0.000]   node   0: [mem 0x0000000000100000x0000003ffeffff]
[    0.000000] Initmem setup node 0 [mem 0x0000000000001000-0x000000003ffeffff]
[    0.000000] ACPI: PM-Timer IO Port: 0x4008
[    0.000000] IOAPIC[0]: apic_id 2, version 32, address 0xfec00000, GSI 0-23
[    0.000000] ACPI: INT_SRC_OVR (bus 0 bus_irq 0 global_irq 2 dfl dfl)
[    0.000000] ACPI: INT_SRC_OVR (bus 0 bus_irq 9 global_irq 9 low level)
[    0.000000] Using ACPI (MADT) for SMP configuration information
[    0.000000] smpboot: Allowing 2 CPUs, 0 hotplug CPUs
[    0.000000] PM: Registered nosave memory: [mem 0x00000000-0x00000fff]
[    0.000000] PM: Registered nosave memory: [mem 0x0009f000-0x0009ffff]
[    0.000000] PM: Registered nosave memory: [mem 0x000a0000-0x000effff]
[    0.000000] PM: Registered nosave memory: [mem 0x000f0000-0x000fffff]
[    0.000000] e820: [mem 0x40000000-0xfebfffff] available for PCI devices
[    0.000000] Booting paravirtualized kernel on KVM
[    0.000000] clocksource: refined-jiffies: mask: 0xffffffff max_cycles: 0xffffffff, max_idle_ns: 7645519600211568 ns
[    0.000000] setup_percpu: NR_CPUS:512 nr_cpumask_bits:512 nr_cpu_ids:2 nr_node_ids:1
[    0.000000] PERCPU: Embedded 34 pages/cpu @ffff88003fc00000 s99544 r8192 d31528 u1048576
[    0.000000] PV qspinlock hash table entries: 256 (order: 0, 4096 bytes)
[    0.000000] Built 1 zonelists in Node order, mobility grouping on.  Total pages: 257913
[    0.000000] Policy zone: DMA32
[    0.000000] Kernel command line: BOOT_IMAGE=/boot/vmlinuz-4.4.0-116-generic root=UUID=4495ca59-6f63-4cd0-b56d-2100a2095754 ro console=tty1 console=ttyS0
[    0.000000] PID hash table entries: 4096 (order: 3, 32768 bytes)
[    0.000000] Memory: 997252K/1048120K available (8530K kernel code, 1309K rwdata, 3992K rodata, 1508K init, 1316K bss, 50868K reserved, 0K cma-reserved)
[    0.000000] SLUB: HWalign=64, Order=0-3, MinObjects=0, CPUs=2, Nodes=1
[    0.000000] Kernel/User page tables isolation: enabled
[    0.000000] Hierarchical RCU implementation.
[    0.000000] 	Build-time adjustment of leaf fanout to 64.
[    0.000000] 	RCU restricting CPUs from NR_CPUS=512 to nr_cpu_ids=2.
[    0.000000] RCU: Adjusting geometry for rcu_fanout_leaf=64, nr_cpu_ids=2
[    0.000000] NR_IRQS:33024 nr_irqs:440 16
[    0.000000] Console: colour VGA+ 80x25
[    0.000000] console [tty1] enabled
[    0.000000] console [ttyS0] enabled
[    0.000000] tsc: Detected 2394.456 MHz processor
[    0.454201] Calibrating delay loop (skipped) preset value.. 4788.91 BogoMIPS (lpj=9577824)
[    0.455759] pid_max: default: 32768 minimum: 301
[    0.456602] ACPI: Core revision 20150930
[    0.458488] ACPI: 2 ACPI AML tables successfully acquired and loaded
[    0.459683] Security Framework initialized
[    0.460463] Yama: becoming mindful.
[    0.461196] AppArmor: AppArmor initialized
[    0.462055] Dentry cache hash table entries: 131072 (order: 8, 1048576 bytes)
[    0.463977] Inode-cache hash table entries: 65536 (order: 7, 524288 bytes)
[    0.465195] Mount-cache hash table entries: 2048 (order: 2, 16384 bytes)
[    0.466283] Mountpoint-cache hash table entries: 2048 (order: 2, 16384 bytes)
[    0.467592] Initializing cgroup subsys io
[    0.468367] Initializing cgroup subsys memory
[    0.469197] Initializing cgroup subsys devices
[    0.470010] Initializing cgroup subsys freezer
[    0.470821] Initializing cgroup subsys net_cls
[    0.471632] Initializing cgroup subsys perf_event
[    0.472485] Initializing cgroup subsys net_prio
[    0.473334] Initializing cgroup subsys hugetlb
[    0.474154] Initializing cgroup subsys pids
[    0.475022] CPU: Physical Processor ID: 0
[    0.475781] CPU: Processor Core ID: 0
[    0.476513] FEATURE SPEC_CTRL Not Present
[    0.478259] mce: CPU supports 0 MCE banks
[    0.479040] Last level iTLB entries: 4KB 1024, 2MB 1024, 4MB 1024
[    0.480053] Last level dTLB entries: 4KB 1024, 2MB 1024, 4MB 1024, 1GB 4
[    0.481156] Spectre V2 mitigation: Mitigation: Full generic retpoline
[    0.482207] Spectre V2 mitigation: Speculaton control IBPB not-supported IBRS not-supported
[    0.499703] Freeing SMP alternatives memory: 32K

[    0.509575] ftrace: allocating 32186 entries in 126 pages
[    0.569766] smpboot: APIC(0) Converting physical 0 to logical package 0
[    0.602111] smpboot: Max logical packages: 1
[    0.603202] x2apic enabled
[    0.604072] Switched APIC routing to physical x2apic.
[    0.606265] ..TIMER: vector=0x30 apic1=0 pin1=2 apic2=-1 pin2=-1
[    0.824426] APIC calibration not consistent with PM-Timer: 103ms instead of 100ms
[    0.826924] APIC delta adjusted to PM-Timer: 6250023 (6495971)
[    0.828008] smpboot: CPU0: Intel(R) Core(TM) i5-4210U CPU @ 1.70GHz (family: 0x6, model: 0x45, stepping: 0x1)
[    0.829929] Performance Events: unsupported p6 CPU model 69 no PMU driver, software events only.
[    0.831653] KVM setup paravirtual spinlock
[    0.833212] x86: Booting SMP configuration:
[    0.834070] .... node  #0, CPUs:      #1
[    0.834938] kvm-clock: cpu 1, msr 0:3ffe3041, secondary cpu clock
[    0.836641] mce: CPU supports 0 MCE banks
[    0.839076] x86: Booted up 1 node, 2 CPUs
[    0.840184] smpboot: Total of 2 processors activated (9577.82 BogoMIPS)
[    0.841717] devtmpfs: initialized
[    0.843841] evm: security.selinux
[    0.852022] evm: security.SMACK64
[    0.852721] evm: security.SMACK64EXEC
[    0.853444] evm: security.SMACK64TRANSMUTE
[    0.854249] evm: security.SMACK64MMAP
[    0.854972] evm: security.ima
[    0.855607] evm: security.capability
[    0.861750] clocksource: jiffies: mask: 0xffffffff max_cycles: 0xffffffff, max_idle_ns: 7645041785100000 ns
[    0.863447] futex hash table entries: 512 (order: 3, 32768 bytes)
[    0.867558] pinctrl core: initialized pinctrl subsystem
[    0.868749] RTC time:  0:53:31, date: 02/25/18
[    0.869820] NET: Registered protocol family 16
[    0.880055] cpuidle: using governor ladder
[    0.896007] cpuidle: using governor menu
[    0.898207] PCCT header not found.
[    0.899318] ACPI: bus type PCI registered
[    0.900590] acpiphp: ACPI Hot Plug PCI Controller Driver version: 0.5
[    0.902587] PCI: Using configuration type 1 for base access
[    0.917384] ACPI: Added _OSI(Module Device)
[    0.920492] ACPI: Added _OSI(Processor Device)
[    0.922126] ACPI: Added _OSI(3.0 _SCP Extensions)
[    0.923839] ACPI: Added _OSI(Processor Aggregator Device)
[    0.927034] ACPI: Executed 1 blocks of module-level executable AML code
[    0.930883] ACPI: Interpreter enabled
[    0.931675] ACPI: (supports S0 S5)
[    0.932413] ACPI: Using IOAPIC for interrupt routing
[    0.933480] PCI: Using host bridge windows from ACPI; if necessary, use "pci=nocrs" and report a bug
[    0.938582] ACPI: PCI Root Bridge [PCI0] (domain 0000 [bus 00-ff])
[    0.939688] acpi PNP0A03:00: _OSC: OS supports [ASPM ClockPM Segments MSI]
[    0.940935] acpi PNP0A03:00: _OSC: not requesting OS control; OS requires [ExtendedConfig ASPM ClockPM MSI]
[    0.942713] acpi PNP0A03:00: fail to add MMCONFIG information, can't access extended PCI configuration space under this bridge.
[    0.945081] PCI host bridge to bus 0000:00
[    0.945867] pci_bus 0000:00: root bus resource [io  0x0000-0x0cf7 window]
[    0.947000] pci_bus 0000:00: root bus resource [io  0x0d00-0xffff window]
[    0.948184] pci_bus 0000:00: root bus resource [mem 0x000a0000-0x000bffff window]
[    0.949646] pci_bus 0000:00: root bus resource [mem 0x40000000-0xfdffffff window]
[    0.951048] pci_bus 0000:00: root bus resource [bus 00-ff]
[    0.962912] pci 0000:00:01.1: legacy IDE quirk: reg 0x10: [io  0x01f0-0x01f7]
[    0.965181] pci 0000:00:01.1: legacy IDE quirk: reg 0x14: [io  0x03f6]
[    0.966270] pci 0000:00:01.1: legacy IDE quirk: reg 0x18: [io  0x0170-0x0177]
[    0.967482] pci 0000:00:01.1: legacy IDE quirk: reg 0x1c: [io  0x0376]
[    1.050752] pci 0000:00:07.0: quirk: [io  0x4000-0x403f] claimed by PIIX4 ACPI
[    1.243819] pci 0000:00:07.0: quirk: [io  0x4100-0x410f] claimed by PIIX4 SMB
[    1.321373] ACPI: PCI Interrupt Link [LNKA] (IRQs 5 9 10 *11)
[    1.331088] ACPI: PCI Interrupt Link [LNKB] (IRQs 5 9 *10 11)
[    1.334125] ACPI: PCI Interrupt Link [LNKC] (IRQs 5 *9 10 11)
[    1.336110] ACPI: PCI Interrupt Link [LNKD] (IRQs 5 9 10 *11)
[    1.337688] ACPI: Enabled 2 GPEs in block 00 to 07
[    1.339010] vgaarb: setting as boot device: PCI:0000:00:02.0
[    1.340041] vgaarb: device added: PCI:0000:00:02.0,decodes=io+mem,owns=io+mem,locks=none
[    1.341553] vgaarb: loaded
[    1.342152] vgaarb: bridge control possible 0000:00:02.0
[    1.343392] SCSI subsystem initialized
[    1.344371] ACPI: bus type USB registered
[    1.345168] usbcore: registered new interface driver usbfs
[    1.346137] usbcore: registered new interface driver hub
[    1.347127] usbcore: registered new device driver usb
[    1.348903] PCI: Using ACPI for IRQ routing
[    1.352124] NetLabel: Initializing
[    1.354711] NetLabel:  domain hash size = 128
[    1.355577] NetLabel:  protocols = UNLABELED CIPSOv4
[    1.356553] NetLabel:  unlabeled traffic allowed by default
[    1.357700] amd_nb: Cannot enumerate AMD northbridges
[    1.358670] clocksource: Switched to clocksource kvm-clock
[    1.366586] AppArmor: AppArmor Filesystem Enabled
[    1.374957] pnp: PnP ACPI init
[   1.376317] pnp: PnP ACPI: found 3 devices

[   1.408786] clocksource: acpi_pm: mask: 0xffffff max_cycles: 0xffffff, max_idle_ns: 2085701024 ns
[    1.433981] NET: Registered protocol family 2

[    1.434999] TCP established hash table entries: 8192 (order: 4, 65536 bytes)
[    1.436256] TCP bind hash table entries: 8192 (order: 5, 131072 bytes)
[    1.437395] TCP: Hash tables configured (established 8192 bind 8192)
[    1.438501] UDP hash table entries: 512 (order: 2, 16384 bytes)
[    1.444546] UDP-Lite hash table entries: 512 (order: 2, 16384 bytes)
[    1.445701] NET: Registered protocol family 1
[    1.446545] pci 0000:00:00.0: Limiting direct PCI/PCI transfers
[    1.447617] pci 0000:00:01.0: Activating ISA DMA hang workarounds
[    1.448826] Unpacking initramfs...
[    1.695450] Freeing initrd memory: 15280K
[    1.806903] RAPL PMU detected, API unit is 2^-32 Joules, 4 fixed counters 10737418240 ms ovfl timer
[    2.058982] hw unit of domain pp0-core 2^-0 Joules
[    2.203239] hw unit of domain package 2^-0 Joules
[    2.204161] hw unit of domain dram 2^-0 Joules
[    2.204981] hw unit of domain pp1-gpu 2^-0 Joules
[    2.205923] platform rtc_cmos: registered platform RTC device (no PNP device found)
[    2.207439] Scanning for low memory corruption every 60 seconds
[    2.208948] audit: initializing netlink subsys (disabled)
[    2.209912] audit: type=2000 audit(1519520017.090:1): initialized
[    2.211275] Initialise system trusted keyring
[    2.212381] HugeTLB registered 2 MB page size, pre-allocated 0 pages
[    2.215920] zbud: loaded
[    2.216975] VFS: Disk quotas dquot_6.6.0
[    2.217877] VFS: Dquot-cache hash table entries: 512 (order 0, 4096 bytes)
[    2.228014] squashfs: version 4.0 (2009/01/31) Phillip Lougher
[    2.229380] fuse init (API version 7.23)
[    2.230363] Key type big_key registered
[    2.231192] Allocating IMA MOK and blacklist keyrings.
[    2.233334] Key type asymmetric registered
[    2.234214] Asymmetric key parser 'x509' registered
[    2.235257] Block layer SCSI generic (bsg) driver version 0.4 loaded (major 249)
[    2.236875] io scheduler noop registered
[    2.237658] io scheduler deadline registered (default)
[    2.238593] io scheduler cfq registered
[    2.239499] pci_hotplug: PCI Hot Plug PCI Core version: 0.5
[    2.240516] pciehp: PCI Express Hot Plug Controller Driver version: 0.4
[    2.241762] ACPI: AC Adapter [AC] (off-line)
[    2.242615] input: Power Button as /devices/LNXSYSTM:00/LNXPWRBN:00/input/input0
[    2.244141] ACPI: Power Button [PWRF]
[    2.244924] input: Sleep Button as /devices/LNXSYSTM:00/LNXSLPBN:00/input/input1
[    2.246315] ACPI: Sleep Button [SLPF]
[    2.247276] GHES: HEST is not enabled!
[    2.247961] ACPI: Battery Slot [BAT0] (battery present)
[    2.249298] Serial: 8250/16550 driver, 32 ports, IRQ sharing enabled
[    2.273151] 00:02: ttyS0 at I/O 0x3f8 (irq = 4, base_baud = 115200) is a 16550A
[    2.278845] Linux agpgart interface v0.103
[    2.286084] loop: module loaded
[    2.288510] scsi host0: ata_piix
[    2.291614] scsi host1: ata_piix
[    2.292385] ata1: PATA max UDMA/33 cmd 0x1f0 ctl 0x3f6 bmdma 0xd000 irq 14
[    2.293552] ata2: PATA max UDMA/33 cmd 0x170 ctl 0x376 bmdma 0xd008 irq 15
[    2.294892] libphy: Fixed MDIO Bus: probed
[    2.296799] tun: Universal TUN/TAP device driver, 1.6
[    2.297717] tun: (C) 1999-2004 Max Krasnyansky <maxk@qualcomm.com>
[    2.298928] PPP generic driver version 2.4.2
[    2.299908] ehci_hcd: USB 2.0 'Enhanced' Host Controller (EHCI) Driver
[    2.303827] ehci-pci: EHCI PCI platform driver
[    2.304717] ehci-platform: EHCI generic platform driver
[    2.305672] ohci_hcd: USB 1.1 'Open' Host Controller (OHCI) Driver
[    2.306785] ohci-pci: OHCI PCI platform driver
[    2.307638] ohci-platform: OHCI generic platform driver
[    2.308618] uhci_hcd: USB Universal Host Controller Interface driver
[    2.309770] i8042: PNP: PS/2 Controller [PNP0303:PS2K,PNP0f03:PS2M] at 0x60,0x64 irq 1,12
[    2.311800] serio: i8042 KBD port at 0x60,0x64 irq 1
[    2.312756] serio: i8042 AUX port at 0x60,0x64 irq 12
[    2.313968] mousedev: PS/2 mouse device common for all mice
[    2.315422] input: AT Translated Set 2 keyboard as /devices/platform/i8042/serio0/input/input2
[    2.320731] rtc_cmos rtc_cmos: rtc core: registered rtc_cmos as rtc0
[    2.323811] rtc_cmos rtc_cmos: alarms up to one day, 114 bytes nvram
[    2.324956] i2c /dev entries driver
[    2.325725] device-mapper: uevent: version 1.0.3
[    2.326730] device-mapper: ioctl: 4.34.0-ioctl (2015-10-28) initialised: dm-devel@redhat.com
[    2.328334] ledtrig-cpu: registered to indicate activity on CPUs
[    2.329861] NET: Registered protocol family 10
[    2.330968] NET: Registered protocol family 17
[    2.331836] Key type dns_resolver registered
[    2.332919] microcode: CPU0 sig=0x40651, pf=0x40, revision=0x0
[    2.334004] microcode: CPU1 sig=0x40651, pf=0x40, revision=0x0
[    2.335092] microcode: Microcode Update Driver: v2.01 <tigran@aivazian.fsnet.co.uk>, Peter Oruba
[    2.337213] registered taskstats version 1
[    2.338022] Loading compiled-in X.509 certificates
[    2.339629] Loaded X.509 cert 'Build time autogenerated kernel key: aa84f01984fbd529c105810b59e379d349698248'
[    2.341490] zswap: loaded using pool lzo/zbud
[    2.344965] Key type trusted registered
[    2.351976] Key type encrypted registered
[    2.355057] AppArmor: AppArmor sha1 policy hashing enabled
[    2.356393] ima: No TPM chip found, activating TPM-bypass!
[    2.357731] evm: HMAC attrs: 0x1
[    2.359069]   Magic number: 6:190:861
[    2.360199] rtc_cmos rtc_cmos: setting system clock to 2018-02-25 00:53:33 UTC (1519520013)
[    2.362477] BIOS EDD facility v0.16 2004-Jun-25, 0 devices found
[    2.363943] EDD information not available.
[    2.452871] Freeing unused kernel memory: 1508K
[    2.456519] Write protecting the kernel read-only data: 14336k
[    2.459654] Freeing unused kernel memory: 1700K
[    2.462107] Freeing unused kernel memory: 104K
Loading, please wait...
starting version[    2.481170] random: systemd-udevd: uninitialized urandom read (16 bytes read, 2 bits of entropy available)
 229
[    2.482070] random: udevadm: uninitialized urandom read (16 bytes read, 2 bits of entropy available)
[    2.482107] random: udevadm: uninitialized urandom read (16 bytes read, 2 bits of entropy available)
[    2.497422] random: udevadm: uninitialized urandom read (16 bytes read, 2 bits of entropy available)
[    2.497487] random: udevadm: uninitialized urandom read (16 bytes read, 2 bits of entropy available)
[    2.497714] random: udevadm: uninitialized urandom read (16 bytes read, 2 bits of entropy available)
[    2.497803] random: udevadm: uninitialized urandom read (16 bytes read, 2 bits of entropy available)
[    2.497891] random: udevadm: uninitialized urandom read (16 bytes read, 2 bits of entropy available)
[    2.497982] random: udevadm: uninitialized urandom read (16 bytes read, 2 bits of entropy available)
[    2.498068] random: udevadm: uninitialized urandom read (16 bytes read, 2 bits of entropy available)
[    2.597914] e1000: Intel(R) PRO/1000 Network Driver - version 7.3.21-k8-NAPI
[    2.615034] e1000: Copyright (c) 1999-2006 Intel Corporation.
[    2.641105] Fusion MPT base driver 3.04.20
[    2.652226] Copyright (c) 1999-2008 LSI Corporation
[    2.656248] AVX2 version of gcm_enc/dec engaged.
[    2.659719] AES CTR mode by8 optimization enabled
[    2.664113] Fusion MPT SPI Host driver 3.04.20
[    2.871462] input: ImExPS/2 Generic Explorer Mouse as /devices/platform/i8042/serio1/input/input4
[    3.202989] tsc: Refined TSC clocksource calibration: 2394.631 MHz
[    3.216218] clocksource: tsc: mask: 0xffffffffffffffff max_cycles: 0x228467b65f8, max_idle_ns: 440795304023 ns
[    3.229813] e1000 0000:00:03.0 eth0: (PCI:33MHz:32-bit) 02:69:07:7b:a1:bd
[    4.314514] e1000 0000:00:03.0 eth0: Intel(R) PRO/1000 Network Connection
[    5.187017] e1000 0000:00:08.0 eth1: (PCI:33MHz:32-bit) 08:00:27:9f:ec:a3
[    5.256165] e1000 0000:00:08.0 eth1: Intel(R) PRO/1000 Network Connection
[    5.263387] mptbase: ioc0: Initiating bringup
[    5.264036] e1000 0000:00:08.0 enp0s8: renamed from eth1
[    5.624982] floppy0: no floppy controllers found
[    5.631021] e1000 0000:00:03.0 enp0s3: renamed from eth0
[    5.695217] ioc0: LSI53C1030 A0: Capabilities={Initiator}
[    6.100254] scsi host2: ioc0: LSI53C1030 A0, FwRev=00000000h, Ports=1, MaxQ=256, IRQ=20
[    6.355733] scsi 2:0:0:0: Direct-Access     VBOX     HARDDISK         1.0  PQ: 0 ANSI: 5
[    6.375710] scsi target2:0:0: Beginning Domain Validation
[    6.377982] scsi target2:0:0: Domain Validation skipping write tests
[    6.379044] scsi target2:0:0: Ending Domain Validation
[    6.380061] scsi target2:0:0: asynchronous
[    6.381339] scsi 2:0:1:0: Direct-Access     VBOX     HARDDISK         1.0  PQ: 0 ANSI: 5
[    6.382850] scsi target2:0:1: Beginning Domain Validation
[    6.385214] scsi target2:0:1: Domain Validation skipping write tests
[    6.405028] scsi target2:0:1: Ending Domain Validation
[    6.406022] scsi target2:0:1: asynchronous
[    6.414765] sd 2:0:0:0: Attached scsi generic sg0 type 0
[    6.423821] sd 2:0:0:0: [sda] 20971520 512-byte logical blocks: (10.7 GB/10.0 GiB)
[    6.426290] sd 2:0:0:0: [sda] Write Protect is off
[    6.427840] sd 2:0:1:0: [sdb] 20480 512-byte logical blocks: (10.5 MB/10.0 MiB)
[    6.429439] sd 2:0:0:0: [sda] Incomplete mode parameter data
[    6.436109] sd 2:0:0:0: [sda] Assuming drive cache: write through
[    6.437370] sd 2:0:1:0: [sdb] Write Protect is off
[    6.437440] sd 2:0:1:0: Attached scsi generic sg1 type 0
[    6.439572] sd 2:0:1:0: [sdb] Incomplete mode parameter data
[    6.445012] sd 2:0:1:0: [sdb] Assuming drive cache: write through
[    6.462014]  sda: sda1
[    6.464995] sd 2:0:0:0: [sda] Attached SCSI disk
[    6.487249] sd 2:0:1:0: [sdb] Attached SCSI disk
Begin: Loading e[    7.933356] md: linear personality registered for level -1
ssential drivers ... [    8.005784] md: multipath personality registered for level -4
[    8.077019] md: raid0 personality registered for level 0
[    8.087188] md: raid1 personality registered for level 1
[    8.163995] raid6: sse2x1   gen()  6690 MB/s
[    8.335950] raid6: sse2x1   xor()  6283 MB/s
[    8.434029] raid6: sse2x2   gen() 10837 MB/s
[    8.514021] raid6: sse2x2   xor()  7323 MB/s
[    8.594009] raid6: sse2x4   gen() 12585 MB/s
[    8.694012] raid6: sse2x4   xor()  8906 MB/s
[    8.774008] raid6: avx2x1   gen() 16267 MB/s
[    8.854769] raid6: avx2x2   gen() 17958 MB/s
[    8.931424] raid6: avx2x4   gen() 21319 MB/s
[    9.024648] raid6: using algorithm avx2x4 gen() 21319 MB/s
[    9.025620] raid6: using avx2x2 recovery algorithm
[    9.028302] xor: automatically using best checksumming function:
[    9.066715]    avx       : 15478.000 MB/sec
[    9.074145] async_tx: api initialized (async)
[    9.132693] md: raid6 personality registered for level 6
[    9.165051] md: raid5 personality registered for level 5
[    9.166100] md: raid4 personality registered for level 4
[    9.175969] md: raid10 personality registered for level 10
done.
Begin: Running /scripts/init-premount ... done.
Begin: Mounting root file system ... Begin: Running /scripts/local-top ... done.
Begin: Running /scripts/local-premount ... [    9.256652] Btrfs loaded
Scanning for Btrfs filesystems
done.
Warning: fsck not present, so skipping root file system
[    9.430504] EXT4-fs (sda1): mounted filesystem with ordered data mode. Opts: (null)
done.
Begin: Running /scripts/local-bottom ... done.
Begin: Running /scripts/init-bottom ... done.
[   10.427924] systemd[1]: systemd 229 running in system mode. (+PAM +AUDIT +SELINUX +IMA +APPARMOR +SMACK +SYSVINIT +UTMP +LIBCRYPTSETUP +GCRYPT +GNUTLS +ACL +XZ -LZ4 +SECCOMP +BLKID +ELFUTILS +KMOD -IDN)
[   10.468919] systemd[1]: Detected virtualization oracle.
[   10.470699] systemd[1]: Detected architecture x86-64.
[   10.490948] random: nonblocking pool is initialized

Welcome to [1mUbuntu 16.04.3 LTS[0m!

[   10.553200] systemd[1]: Set hostname to <ubuntu-xenial>.
[   11.995724] systemd[1]: Listening on Journal Socket.
[[0;32m  OK  [0m] Listening on Journal Socket.
[   12.015341] systemd[1]: Reached target Encrypted Volumes.
[[0;32m  OK  [0m] Reached target Encrypted Volumes.
[   12.068334] systemd[1]: Started Trigger resolvconf update for networkd DNS.
[[0;32m  OK  [0m] Started Trigger resolvconf update for networkd DNS.
[   12.070863] systemd[1]: Reached target User and Group Name Lookups.
[[0;32m  OK  [0m] Reached target User and Group Name Lookups.
[   12.078286] systemd[1]: Listening on /dev/initctl Compatibility Named Pipe.
[[0;32m  OK  [0m] Listening on /dev/initctl Compatibility Named Pipe.
[   12.098960] systemd[1]: Listening on LVM2 poll daemon socket.
[[0;32m  OK  [0m] Listening on LVM2 poll daemon socket.
[   12.106214] systemd[1]: Listening on Device-mapper event daemon FIFOs.
[[0;32m  OK  [0m] Listening on Device-mapper event daemon FIFOs.
[   12.108757] systemd[1]: Listening on Journal Audit Socket.
[[0;32m  OK  [0m] Listening on Journal Audit Socket.
[   12.110882] systemd[1]: Reached target Swap.
[[0;32m  OK  [0m] Reached target Swap.
[   12.112853] systemd[1]: Set up automount Arbitrary Executable File Formats File System Automount Point.
[[0;32m  OK  [0m] Set up automount Arbitrary Executab...ats File System Automount Point.
[   12.116199] systemd[1]: Listening on Syslog Socket.
[[0;32m  OK  [0m] Listening on Syslog Socket.
[   12.118215] systemd[1]: Listening on LVM2 metadata daemon socket.
[[0;32m  OK  [0m] Listening on LVM2 metadata daemon socket.
[   12.120542] systemd[1]: Listening on Journal Socket (/dev/log).
[[0;32m  OK  [0m] Listening on Journal Socket (/dev/log).
[   12.122799] systemd[1]: Listening on udev Kernel Socket.
[[0;32m  OK  [0m] Listening on udev Kernel Socket.
[   12.124932] systemd[1]: Listening on udev Control Socket.
[[0;32m  OK  [0m] Listening on udev Control Socket.
[   12.127459] systemd[1]: Created slice User and Session Slice.
[[0;32m  OK  [0m] Created slice User and Session Slice.
[   12.129707] systemd[1]: Started Forward Password Requests to Wall Directory Watch.
[[0;32m  OK  [0m] Started Forward Password Requests to Wall Directory Watch.
[   12.132979] systemd[1]: Created slice System Slice.
[[0;32m  OK  [0m] Created slice System Slice.
[   12.162814] systemd[1]: Mounting Huge Pages File System...
         Mounting Huge Pages File System...
[   12.179834] systemd[1]: Starting Monitoring of LVM2 mirrors, snapshots etc. using dmeventd or progress polling...
         Starting Monitoring of LVM2 mirrors... dmeventd or progress polling...
[   12.197441] systemd[1]: Starting Uncomplicated firewall...
         Starting Uncomplicated firewall...
[   12.203138] systemd[1]: Mounting POSIX Message Queue File System...
         Mounting POSIX Message Queue File System...
[   12.236419] systemd[1]: Created slice system-serial\x2dgetty.slice.
[[0;32m  OK  [0m] Created slice system-serial\x2dgetty.slice.
[   12.246105] systemd[1]: Starting Set console keymap...
         Starting Set console keymap...
[   12.286994] systemd[1]: Starting Create list of required static device nodes for the current kernel...
         Starting Create list of required st... nodes for the current kernel...
[   12.299533] systemd[1]: Reached target Slices.
[[0;32m  OK  [0m] Reached target Slices.
[   12.302353] systemd[1]: Starting Remount Root and Kernel File Systems...
         Starting Remount Root and Kernel File Systems...
[   12.307406] systemd[1]: Starting Journal Service...
         Starting Journal Service...
[   12.425925] EXT4-fs (sda1): re-mounted. Opts: (null)
[   12.527021] systemd[1]: Starting Load Kernel Modules...
         Starting Load Kernel Modules...
[   12.539141] systemd[1]: Mounting Debug File System...
         Mounting Debug File System...
[   12.557266] systemd[1]: Starting Nameserver information manager...
         Starting Nameserver information manager...
[   12.562457] systemd[1]: Mounted Debug File System.
[[0;32m  OK  [0m] Mounted Debug File System.
[   12.580702] systemd[1]: Mounted Huge Pages File System.
[[0;32m  OK  [0m] Mounted Huge Pages File System.
[   12.586445] systemd[1]: Mounted POSIX Message Queue File System.
[[0;32m  OK  [0m] Mounted POSIX Message Queue File System.
[   12.596012] systemd[1]: Started Uncomplicated firewall.
[[0;32m  OK  [0m] Started Uncomplicated firewall.
[   12.615574] systemd[1]: Started Create list of required static device nodes for the current kernel.
[[0;32m  OK  [0m] Started Create list of required sta...ce nodes for the current kernel.
[   12.627143] systemd[1]: Started Remount Root and Kernel File Systems.
[[0;32m  OK  [0m] Started Remount Root and Kernel File Systems.
[   12.683020] systemd[1]: Started LVM2 metadata daemon.
[[0;32m  OK  [0m] Started LVM2 metadata daemon.
[   12.717624] systemd[1]: Starting Load/Save Random Seed...
         Starting Load/Save Random Seed...
[   12.787112] systemd[1]: Starting udev Coldplug all Devices...
         Starting udev Coldplug all Devices...
[   12.832969] systemd[1]: Starting Initial cloud-init job (pre-networking)...
         Starting Initial cloud-init job (pre-networking)...
[   12.874918] systemd[1]: Starting Create Static Device Nodes in /dev...
         Starting Create Static Device Nodes in /dev...
[   12.888737] systemd[1]: Started Set console keymap.
[[0;32m  OK  [0m] Started Set console keymap.
[   12.891704] systemd[1]: Started Nameserver information manager.
[[0;32m  OK  [0m] Started Nameserver information manager.
[   12.919135] systemd[1]: Started Load/Save Random Seed.
[[0;32m  OK  [0m] Started Load/Save Random Seed.
[   12.991042] systemd[1]: Started Journal Service.
[[0;32m  OK  [0m] Started Journal Service.
         Starting Flush Journal to Persistent Storage...
[[0;32m  OK  [0m] Started udev Coldplug all Devices.
[   13.147075] systemd-journald[399]: Received request to flush runtime journal from PID 1
[[0;32m  OK  [0m] Started Flush Journal to Persistent Storage.
[   13.249427] Loading iSCSI transport class v2.0-870.
[   13.446434] iscsi: registered transport (tcp)
[[0;32m  OK  [0m] Started Monitoring of LVM2 mirrors,...ng dmeventd or progress polling.
[[0;32m  OK  [0m] Started Create Static Device Nodes in /dev.
         Starting udev Kernel Device Manager...
[   13.849496] iscsi: registered transport (iser)
[[0;32m  OK  [0m] Started Load Kernel Modules.
         Mounting FUSE Control File System...
         Starting Apply Kernel Variables...
[[0;32m  OK  [0m] Mounted FUSE Control File System.
[[0;32m  OK  [0m] Started Apply Kernel Variables.
[[0;32m  OK  [0m] Started udev Kernel Device Manager.
[[0;32m  OK  [0m] Reached target Local File Systems (Pre).
[[0;32m  OK  [0m] Reached target Local File Systems.
         Starting Set console font and keymap...
         Starting Create Volatile Files and Directories...
         Starting LSB: AppArmor initialization...
         Starting Tell Plymouth To Write Out Runtime Data...
[[0;32m  OK  [0m] Started Dispatch Password Requests to Console Directory Watch.
[[0;32m  OK  [0m] Started Tell Plymouth To Write Out Runtime Data.
[[0;32m  OK  [0m] Started Create Volatile Files and Directories.
[[0;32m  OK  [0m] Reached target System Time Synchronized.
         Starting Update UTMP about System Boot/Shutdown...
[[0;32m  OK  [0m] Found device /dev/ttyS0.
[[0;32m  OK  [0m] Started Update UTMP about System Boot/Shutdown.
[[0;32m  OK  [0m] Started Set console font and keymap.
[[0;32m  OK  [0m] Created slice system-getty.slice.
[[0;32m  OK  [0m] Found device 82540EM Gigabit Ethern...r (PRO/1000 MT Desktop Adapter).
[[0;32m  OK  [0m] Found device 82540EM Gigabit Ethern...r (PRO/1000 MT Desktop Adapter).
[[0;32m  OK  [0m] Listening on Load/Save RF Kill Switch Status /dev/rfkill Watch.
[[0;32m  OK  [0m] Started LSB: AppArmor initialization.
[   18.454347] cloud-init[431]: Cloud-init v. 17.1 running 'init-local' at Sun, 25 Feb 2018 00:53:49 +0000. Up 17.66 seconds.
[[0;32m  OK  [0m] Started Initial cloud-init job (pre-networking).
[[0;32m  OK  [0m] Reached target Network (Pre).
         Starting Raise network interfaces...
[[0;32m  OK  [0m] Started ifup for enp0s8.
[[0;32m  OK  [0m] Started ifup for enp0s3.
[[0;32m  OK  [0m] Started Raise network interfaces.
         Starting Initial cloud-init job (metadata service crawler)...
[[0;32m  OK  [0m] Reached target Network.
[   20.111200] cloud-init[1065]: Cloud-init v. 17.1 running 'init' at Sun, 25 Feb 2018 00:53:51 +0000. Up 19.21 seconds.
[   20.213226] cloud-init[1065]: ci-info: ++++++++++++++++++++++++++++++++++++++Net device info++++++++++++++++++++++++++++++++++++++
[[0;32m  OK  [0m] Started Initial cloud-init job (metadata service crawler).
[   20.213917] cloud-init[1065]: ci-info: +--------+------+-----------------------------+---------------+-------+-------------------+
[   20.295708] cloud-init[1065]: ci-info: | Device |  Up  |           Address           |      Mask     | Scope |     Hw-Address    |
[   20.301232] cloud-init[1065]: ci-info: +--------+------+-----------------------------+---------------+-------+-------------------+
[   20.303029] cloud-init[1065]: ci-info: | enp0s3 | True |          10.0.2.15          | 255.255.255.0 |   .   | 02:69:07:7b:a1:bd |
[   20.304843] cloud-init[1065]: ci-info: | enp0s3 | True |  fe80::69:7ff:fe7b:a1bd/64  |       .       |  link | 02:69:07:7b:a1:bd |
[   20.306650] cloud-init[1065]: ci-info: | enp0s8 | True |        192.168.10.10        | 255.255.255.0 |   .   | 08:00:27:9f:ec:a3 |
[   20.308456] cloud-init[1065]: ci-info: | enp0s8 | True | fe80::a00:27ff:fe9f:eca3/64 |       .       |  link | 08:00:27:9f:ec:a3 |
[   20.308876] cloud-init[1065]: ci-info: |   lo   | True |          127.0.0.1          |   255.0.0.0   |   .   |         .         |
[   20.309207] cloud-init[1065]: ci-info: |   lo   | True |           ::1/128           |       .       |  host |         .         |
[   20.309531] cloud-init[1065]: ci-info: +--------+------+-----------------------------+---------------+-------+-------------------+
[   20.309835] cloud-init[1065]: ci-info: ++++++++++++++++++++++++++++Route IPv4 info++++++++++++++++++++++++++++
[   20.310153] cloud-init[1065]: ci-info: +-------+--------------+----------+---------------+-----------+-------+
[   20.310467] cloud-init[1065]: ci-info: | Route | Destination  | Gateway  |    Genmask    | Interface | Flags |
[   20.310781] cloud-init[1065]: ci-info: +-------+--------------+----------+---------------+-----------+-------+
[   20.311099] cloud-init[1065]: ci-info: |   0   |   0.0.0.0    | 10.0.2.2 |    0.0.0.0    |   enp0s3  |   UG  |
[   20.311415] cloud-init[1065]: ci-info: |   1   |   10.0.2.0   | 0.0.0.0  | 255.255.255.0 |   enp0s3  |   U   |
[   20.311729] cloud-init[1065]: ci-info: |   2   | 192.168.10.0 | 0.0.0.0  | 255.255.255.0 |   enp0s8  |   U   |
[   20.312093] cloud-init[1065]: ci-info: +-------+--------------+----------+---------------+-----------+-------+
[[0;32m  OK  [0m] Reached target Network is Online.
         Starting iSCSI initiator daemon (iscsid)...
[[0;32m  OK  [0m] Reached target System Initialization.
         Starting Socket activation for snappy daemon.
[[0;32m  OK  [0m] Started Daily apt download activities.
[[0;32m  OK  [0m] Started Timer to automatically refresh installed snaps.
[[0;32m  OK  [0m] Listening on ACPID Listen Socket.
[[0;32m  OK  [0m] Started Daily apt upgrade and clean activities.
[[0;32m  OK  [0m] Started ACPI Events Check.
[[0;32m  OK  [0m] Reached target Paths.
[[0;32m  OK  [0m] Listening on D-Bus System Message Bus Socket.
         Starting LXD - unix socket.
[[0;32m  OK  [0m] Listening on UUID daemon activation socket.
[[0;32m  OK  [0m] Started Daily Cleanup of Temporary Directories.
[[0;32m  OK  [0m] Reached target Timers.
[[0;32m  OK  [0m] Reached target Cloud-config availability.
[[0;32m  OK  [0m] Listening on Socket activation for snappy daemon.
[[0;32m  OK  [0m] Listening on LXD - unix socket.
[[0;32m  OK  [0m] Started iSCSI initiator daemon (iscsid).
         Starting Login to default iSCSI targets...
[[0;32m  OK  [0m] Reached target Sockets.
[[0;32m  OK  [0m] Reached target Basic System.
         Starting LSB: Record successful boot for GRUB...
         Starting /etc/rc.local Compatibility...
         Starting MySQL Community Server...
[[0;32m  OK  [0m] Started FUSE filesystem for LXC.
         Starting System Logging Service...
[[0;32m  OK  [0m] Started Unattended Upgrades Shutdown.
[[0;32m  OK  [0m] Started Deferred execution scheduler.
[[0;32m  OK  [0m] Started Regular background program processing daemon.
         Starting LXD - container startup/shutdown...
         Starting Accounts Service...
         Starting Login Service...
         Starting LSB: MD monitoring daemon...
         Starting Snappy daemon...
         Starting Apply the settings specified in cloud-config...
[[0;32m  OK  [0m] Started D-Bus System Message Bus.
[   22.228175] cloud-init[1163]: Cloud-init v. 17.1 running 'modules:config' at Sun, 25 Feb 2018 00:53:53 +0000. Up 21.42 seconds.
[[0;32m  OK  [0m] Started ACPI event daemon.
         Starting OpenBSD Secure Shell server...
[[0;32m  OK  [0m] Started System Logging Service.
[[0;32m  OK  [0m] Started /etc/rc.local Compatibility.
[[0;32m  OK  [0m] Started Apply the settings specified in cloud-config.
[[0;32m  OK  [0m] Started Login Service.
         Starting Authenticate and Authorize Users to Run Privileged Tasks...
[[0;32m  OK  [0m] Started LSB: Record successful boot for GRUB.
[[0;32m  OK  [0m] Started Login to default iSCSI targets.
[[0;32m  OK  [0m] Reached target Remote File Systems (Pre).
[[0;32m  OK  [0m] Reached target Remote File Systems.
         Starting LSB: Set the CPU Frequency Scaling governor to "ondemand"...
         Starting LSB: automatic crash report generation...
         Starting LSB: daemon to balance interrupts for SMP systems...
         Starting LSB: Apache2 web server...
         Starting LSB: VirtualBox Linux Additions...
         Starting Permit User Sessions...
[[0;32m  OK  [0m] Started LSB: MD monitoring daemon.
[[0;32m  OK  [0m] Started LSB: Set the CPU Frequency Scaling governor to "ondemand".
[[0;32m  OK  [0m] Started Permit User Sessions.
         Starting Hold until boot process finishes up...
         Starting Terminate Plymouth Boot Screen...
[[0;32m  OK  [0m] Started LSB: daemon to balance interrupts for SMP systems.
[[0;32m  OK  [0m] Started Hold until boot process finishes up.
[[0;32m  OK  [0m] Started Terminate Plymouth Boot Screen.
[[0;32m  OK  [0m] Started Getty on tty1.
         Starting Set console scheme...
[[0;32m  OK  [0m] Started Serial Getty on ttyS0.
[[0;32m  OK  [0m] Reached target Login Prompts.
[[0;32m  OK  [0m] Started LSB: automatic crash report generation.
[[0;32m  OK  [0m] Started Set console scheme.
[[0;32m  OK  [0m] Started Authenticate and Authorize Users to Run Privileged Tasks.
[[0;32m  OK  [0m] Started Accounts Service.
[[0;32m  OK  [0m] Started OpenBSD Secure Shell server.
[[0;32m  OK  [0m] Started LSB: VirtualBox Linux Additions.
[[0;32m  OK  [0m] Started LXD - container startup/shutdown.
[[0;32m  OK  [0m] Started Snappy daemon.
[[0;32m  OK  [0m] Created slice User Slice of vagrant.
         Starting User Manager for UID 1000...
[[0;32m  OK  [0m] Started Session 1 of user vagrant.
[[0;32m  OK  [0m] Started User Manager for UID 1000.

Ubuntu 16.04.3 LTS ubuntu-xenial ttyS0

ubuntu-xenial login: [   36.606917] cloud-init[1668]: Cloud-init v. 17.1 running 'modules:final' at Sun, 25 Feb 2018 00:54:08 +0000. Up 36.42 seconds.
[   36.607278] cloud-init[1668]: Cloud-init v. 17.1 finished at Sun, 25 Feb 2018 00:54:08 +0000. Datasource DataSourceNoCloud [seed=/dev/sdb][dsmode=net].  Up 36.58 seconds
[ 5393.954376] e1000 0000:00:03.0 enp0s3: Detected Tx Unit Hang
[ 5393.954376]   Tx Queue             <0>
[ 5393.954376]   TDH                  <77>
[ 5393.954376]   TDT                  <7a>
[ 5393.954376]   next_to_use          <7a>
[ 5393.954376]   next_to_clean        <77>
[ 5393.954376] buffer_info[next_to_clean]
[ 5393.954376]   time_stamp           <100136cb6>
[ 5393.954376]   next_to_watch        <79>
[ 5393.954376]   jiffies              <100136e7d>
[ 5393.954376]   next_to_watch.status <0>
[ 5397.276551] e1000 0000:00:03.0 enp0s3: Detected Tx Unit Hang
[ 5397.276551]   Tx Queue             <0>
[ 5397.276551]   TDH                  <77>
[ 5397.276551]   TDT                  <7a>
[ 5397.276551]   next_to_use          <7a>
[ 5397.276551]   next_to_clean        <77>
[ 5397.276551] buffer_info[next_to_clean]
[ 5397.276551]   time_stamp           <100136cb6>
[ 5397.276551]   next_to_watch        <79>
[ 5397.276551]   jiffies              <1001371bc>
[ 5397.276551]   next_to_watch.status <0>
[ 5398.724621] e1000 0000:00:03.0 enp0s3: Detected Tx Unit Hang
[ 5398.724621]   Tx Queue             <0>
[ 5398.724621]   TDH                  <77>
[ 5398.724621]   TDT                  <7a>
[ 5398.724621]   next_to_use          <7a>
[ 5398.724621]   next_to_clean        <77>
[ 5398.724621] buffer_info[next_to_clean]
[ 5398.724621]   time_stamp           <100136cb6>
[ 5398.724621]   next_to_watch        <79>
[ 5398.724621]   jiffies              <100137326>
[ 5398.724621]   next_to_watch.status <0>
[ 5398.946776] e1000 0000:00:03.0 enp0s3: Reset adapter
  n         Stopping OpenBSD Secure Shell server...
[[0;32m  OK  [0m] Unmounted /var/lib/lxcfs.
[[0;32m  OK  [0m] Stopped System Logging Service.
[[0;32m  OK  [0m] Stopped Deferred execution scheduler.
[[0;32m  OK  [0m] Stopped Regular background program processing daemon.
[[0;32m  OK  [0m] Stopped Accounts Service.
[[0;32m  OK  [0m] Stopped Snappy daemon.
[[0;32m  OK  [0m] Stopped ACPI event daemon.
[[0;32m  OK  [0m] Stopped OpenBSD Secure Shell server.
[[0;32m  OK  [0m] Stopped Authenticate and Authorize Users to Run Privileged Tasks.
[[0;32m  OK  [0m] Stopped Getty on tty1.
[[0;32m  OK  [0m] Stopped Serial Getty on ttyS0.
[[0;32m  OK  [0m] Stopped User Manager for UID 1000.
[[0;32m  OK  [0m] Stopped Session 13 of user vagrant.
[[0;32m  OK  [0m] Stopped D-Bus System Message Bus.
[[0;32m  OK  [0m] Stopped FUSE filesystem for LXC.
[[0;32m  OK  [0m] Stopped Unattended Upgrades Shutdown.
[[0;32m  OK  [0m] Stopped LSB: Set the CPU Frequency Scaling governor to "ondemand".
[[0;32m  OK  [0m] Stopped LSB: daemon to balance interrupts for SMP systems.
[[0;32m  OK  [0m] Stopped LSB: MD monitoring daemon.
[[0;32m  OK  [0m] Stopped LSB: VirtualBox Linux Additions.
[[0;32m  OK  [0m] Stopped LSB: automatic crash report generation.
[[0;32m  OK  [0m] Stopped LSB: Record successful boot for GRUB.
[[0;32m  OK  [0m] Stopped LXD - container startup/shutdown.
[[0;32m  OK  [0m] Removed slice User Slice of vagrant.
         Stopping Login Service...
[[0;32m  OK  [0m] Removed slice system-serial\x2dgetty.slice.
         Stopping Permit User Sessions...
[[0;32m  OK  [0m] Removed slice system-getty.slice.
[[0;32m  OK  [0m] Stopped /etc/rc.local Compatibility.
[[0;32m  OK  [0m] Stopped Login Service.
[[0;32m  OK  [0m] Stopped Permit User Sessions.
[[0;32m  OK  [0m] Stopped target User and Group Name Lookups.
[[0;32m  OK  [0m] Stopped LSB: Apache2 web server.
[[0;32m  OK  [0m] Stopped target Remote File Systems.
[[0;32m  OK  [0m] Stopped target Remote File Systems (Pre).
         Stopping Login to default iSCSI targets...
[[0;32m  OK  [0m] Stopped MySQL Community Server.
[[0;32m  OK  [0m] Stopped target Basic System.
[[0;32m  OK  [0m] Stopped target Paths.
[[0;32m  OK  [0m] Stopped Forward Password Requests to Wall Directory Watch.
[[0;32m  OK  [0m] Stopped Dispatch Password Requests to Console Directory Watch.
[[0;32m  OK  [0m] Stopped ACPI Events Check.
[[0;32m  OK  [0m] Stopped target Sockets.
[[0;32m  OK  [0m] Closed Syslog Socket.
[[0;32m  OK  [0m] Closed D-Bus System Message Bus Socket.
[[0;32m  OK  [0m] Closed LXD - unix socket.
[[0;32m  OK  [0m] Closed UUID daemon activation socket.
[[0;32m  OK  [0m] Closed ACPID Listen Socket.
[[0;32m  OK  [0m] Closed Socket activation for snappy daemon.
[[0;32m  OK  [0m] Stopped target Slices.
[[0;32m  OK  [0m] Removed slice User and Session Slice.
[[0;32m  OK  [0m] Stopped target System Initialization.
         Stopping Update UTMP about System Boot/Shutdown...
[[0;32m  OK  [0m] Stopped target Encrypted Volumes.
         Stopping Load/Save Random Seed...
[[0;32m  OK  [0m] Stopped target Swap.
[[0;32m  OK  [0m] Stopped Load/Save Random Seed.
[[0;32m  OK  [0m] Stopped Update UTMP about System Boot/Shutdown.
[[0;32m  OK  [0m] Stopped Login to default iSCSI targets.
         Stopping iSCSI initiator daemon (iscsid)...
[[0;32m  OK  [0m] Stopped Create Volatile Files and Directories.
[[0;32m  OK  [0m] Stopped iSCSI initiator daemon (iscsid).
[[0;32m  OK  [0m] Stopped target Network is Online.
[[0;32m  OK  [0m] Stopped Initial cloud-init job (metadata service crawler).
[[0;32m  OK  [0m] Stopped target Network.
         Stopping Raise network interfaces...
[[0;32m  OK  [0m] Stopped Raise network interfaces.
[[0;32m  OK  [0m] Stopped target Network (Pre).
[[0;32m  OK  [0m] Stopped Initial cloud-init job (pre-networking).
[[0;32m  OK  [0m] Stopped Apply Kernel Variables.
[[0;32m  OK  [0m] Stopped Load Kernel Modules.
[[0;32m  OK  [0m] Stopped target Local File Systems.
         Unmounting /home/vagrant/dev...
         Unmounting /vagrant...
         Unmounting /run/user/1000...
[[0;32m  OK  [0m] Unmounted /home/vagrant/dev.
[[0;32m  OK  [0m] Unmounted /vagrant.
[[0;32m  OK  [0m] Unmounted /run/user/1000.
[[0;32m  OK  [0m] Reached target Unmount All Filesystems.
[[0;32m  OK  [0m] Stopped target Local File Systems (Pre).
         Stopping Monitoring of LVM2 mirrors... dmeventd or progress polling...
[[0;32m  OK  [0m] Stopped Remount Root and Kernel File Systems.
[[0;32m  OK  [0m] Stopped Create Static Device Nodes in /dev.
[[0;32m  OK  [0m] Reached target Shutdown.
[ 8493.643861] reboot: Power down
